  stdafx.cpp
  winMain.cpp
  utils.cpp
  txtData.cpp
c:\users\sodac\desktop\test00\txtdata.cpp(49): warning C4018: '<': signed 또는 unsigned가 일치하지 않습니다.
c:\users\sodac\desktop\test00\txtdata.cpp(52): warning C4018: '<': signed 또는 unsigned가 일치하지 않습니다.
c:\users\sodac\desktop\test00\txtdata.cpp(52): warning C4996: 'strcat': This function or variable may be unsafe. Consider using strcat_s instead. To disable deprecation, use _CRT_SECURE_NO_WARNINGS. See online help for details.
  c:\program files (x86)\windows kits\10\include\10.0.10240.0\ucrt\string.h(90): note: 'strcat' 선언을 참조하십시오.
c:\users\sodac\desktop\test00\txtdata.cpp(85): warning C4996: 'strtok': This function or variable may be unsafe. Consider using strtok_s instead. To disable deprecation, use _CRT_SECURE_NO_WARNINGS. See online help for details.
  c:\program files (x86)\windows kits\10\include\10.0.10240.0\ucrt\string.h(453): note: 'strtok' 선언을 참조하십시오.
c:\users\sodac\desktop\test00\txtdata.cpp(88): warning C4996: 'strtok': This function or variable may be unsafe. Consider using strtok_s instead. To disable deprecation, use _CRT_SECURE_NO_WARNINGS. See online help for details.
  c:\program files (x86)\windows kits\10\include\10.0.10240.0\ucrt\string.h(453): note: 'strtok' 선언을 참조하십시오.
c:\users\sodac\desktop\test00\txtdata.cpp(81): warning C4101: 'temp' :참조되지 않은 지역 변수입니다.
  timer.cpp
  timeManager.cpp
  starcraftScene.cpp
c:\users\sodac\desktop\test00\starcraftscene.cpp(36): warning C4996: 'sprintf': This function or variable may be unsafe. Consider using sprintf_s instead. To disable deprecation, use _CRT_SECURE_NO_WARNINGS. See online help for details.
  c:\program files (x86)\windows kits\10\include\10.0.10240.0\ucrt\stdio.h(1769): note: 'sprintf' 선언을 참조하십시오.
  soundManager.cpp
  ship.cpp
c:\users\sodac\desktop\test00\ship.cpp(19): warning C4244: '=': 'int'에서 'float'(으)로 변환하면서 데이터가 손실될 수 있습니다.
c:\users\sodac\desktop\test00\ship.cpp(20): warning C4244: '=': 'int'에서 'float'(으)로 변환하면서 데이터가 손실될 수 있습니다.
c:\users\sodac\desktop\test00\ship.cpp(24): warning C4244: '인수': 'float'에서 'int'(으)로 변환하면서 데이터가 손실될 수 있습니다.
c:\users\sodac\desktop\test00\ship.cpp(27): warning C4244: '=': 'int'에서 'float'(으)로 변환하면서 데이터가 손실될 수 있습니다.
c:\users\sodac\desktop\test00\ship.cpp(60): warning C4996: 'sprintf': This function or variable may be unsafe. Consider using sprintf_s instead. To disable deprecation, use _CRT_SECURE_NO_WARNINGS. See online help for details.
  c:\program files (x86)\windows kits\10\include\10.0.10240.0\ucrt\stdio.h(1769): note: 'sprintf' 선언을 참조하십시오.
c:\users\sodac\desktop\test00\ship.cpp(109): warning C4244: '인수': 'float'에서 'int'(으)로 변환하면서 데이터가 손실될 수 있습니다.
  selectScene.cpp
c:\users\sodac\desktop\test00\selectscene.cpp(34): warning C4996: 'sprintf': This function or variable may be unsafe. Consider using sprintf_s instead. To disable deprecation, use _CRT_SECURE_NO_WARNINGS. See online help for details.
  c:\program files (x86)\windows kits\10\include\10.0.10240.0\ucrt\stdio.h(1769): note: 'sprintf' 선언을 참조하십시오.
  progressBar.cpp
c:\users\sodac\desktop\test00\progressbar.cpp(22): warning C4244: '인수': 'int'에서 'float'(으)로 변환하면서 데이터가 손실될 수 있습니다.
c:\users\sodac\desktop\test00\progressbar.cpp(23): warning C4244: '인수': 'int'에서 'float'(으)로 변환하면서 데이터가 손실될 수 있습니다.
c:\users\sodac\desktop\test00\progressbar.cpp(25): warning C4244: '=': 'int'에서 'float'(으)로 변환하면서 데이터가 손실될 수 있습니다.
c:\users\sodac\desktop\test00\progressbar.cpp(53): warning C4244: '인수': 'float'에서 'int'(으)로 변환하면서 데이터가 손실될 수 있습니다.
  mainGame.cpp
  keyManager.cpp
  imageManager.cpp
  image.cpp
  gameNode.cpp
c:\users\sodac\desktop\test00\gamenode.cpp(81): warning C4244: '=': 'float'에서 'LONG'(으)로 변환하면서 데이터가 손실될 수 있습니다.
c:\users\sodac\desktop\test00\gamenode.cpp(82): warning C4244: '=': 'float'에서 'LONG'(으)로 변환하면서 데이터가 손실될 수 있습니다.
c:\users\sodac\desktop\test00\gamenode.cpp(71): warning C4101: 'hdc' :참조되지 않은 지역 변수입니다.
c:\users\sodac\desktop\test00\gamenode.cpp(70): warning C4101: 'ps' :참조되지 않은 지역 변수입니다.
  effectManager.cpp
  effect.cpp
  bullets.cpp
c:\users\sodac\desktop\test00\bullets.cpp(11): warning C4244: '=': 'int'에서 'float'(으)로 변환하면서 데이터가 손실될 수 있습니다.
c:\users\sodac\desktop\test00\bullets.cpp(35): warning C4018: '<': signed 또는 unsigned가 일치하지 않습니다.
c:\users\sodac\desktop\test00\bullets.cpp(42): warning C4244: '=': 'int'에서 'float'(으)로 변환하면서 데이터가 손실될 수 있습니다.
c:\users\sodac\desktop\test00\bullets.cpp(45): warning C4244: '인수': 'float'에서 'int'(으)로 변환하면서 데이터가 손실될 수 있습니다.
c:\users\sodac\desktop\test00\bullets.cpp(62): warning C4244: '인수': 'float'에서 'int'(으)로 변환하면서 데이터가 손실될 수 있습니다.
c:\users\sodac\desktop\test00\bullets.cpp(122): warning C4018: '<': signed 또는 unsigned가 일치하지 않습니다.
c:\users\sodac\desktop\test00\bullets.cpp(128): warning C4244: '=': 'int'에서 'float'(으)로 변환하면서 데이터가 손실될 수 있습니다.
c:\users\sodac\desktop\test00\bullets.cpp(134): warning C4244: '인수': 'float'에서 'int'(으)로 변환하면서 데이터가 손실될 수 있습니다.
c:\users\sodac\desktop\test00\bullets.cpp(155): warning C4244: '인수': 'float'에서 'int'(으)로 변환하면서 데이터가 손실될 수 있습니다.
c:\users\sodac\desktop\test00\bullets.cpp(232): warning C4244: '인수': 'float'에서 'int'(으)로 변환하면서 데이터가 손실될 수 있습니다.
c:\users\sodac\desktop\test00\bullets.cpp(247): warning C4244: '인수': 'float'에서 'int'(으)로 변환하면서 데이터가 손실될 수 있습니다.
c:\users\sodac\desktop\test00\bullets.cpp(266): warning C4244: '=': 'int'에서 'float'(으)로 변환하면서 데이터가 손실될 수 있습니다.
c:\users\sodac\desktop\test00\bullets.cpp(309): warning C4018: '<': signed 또는 unsigned가 일치하지 않습니다.
c:\users\sodac\desktop\test00\bullets.cpp(320): warning C4244: '인수': 'float'에서 'int'(으)로 변환하면서 데이터가 손실될 수 있습니다.
c:\users\sodac\desktop\test00\bullets.cpp(334): warning C4244: '인수': 'float'에서 'int'(으)로 변환하면서 데이터가 손실될 수 있습니다.
  battle.cpp
  animation.cpp
  코드를 생성하고 있습니다...
c:\users\sodac\desktop\test00\txtdata.cpp(55): warning C4172: 지역 변수 또는 임시: str의 주소를 반환하고 있습니다.
  20170426_1.vcxproj -> C:\Users\sodac\Desktop\test00\Debug\20170426_1.exe
  20170426_1.vcxproj -> C:\Users\sodac\Desktop\test00\Debug\20170426_1.pdb (Partial PDB)
